Added Component: Designator=C1(0603C)
Add component. Clean all parameters for all variants
Add component (AddParameter): Name = "ComponentLink1Description"; Value = "供应商链接"; VariantName = "[No Variations]"
Add component (AddParameter): Name = "ComponentLink1URL"; Value = "http://www.szlcsc.com/product/details_20411.html"; VariantName = "[No Variations]"
Add component (AddParameter): Name = "Notepad"; Value = ""; VariantName = "[No Variations]"
Add component (AddParameter): Name = "Supplier"; Value = "LC"; VariantName = "[No Variations]"
Add component (AddParameter): Name = "SuppliersPartNumber"; Value = "C19702"; VariantName = "[No Variations]"
Added Component: Designator=C2(0603C)
Add component. Clean all parameters for all variants
Add component (AddParameter): Name = "ComponentLink1Description"; Value = "供应商链接"; VariantName = "[No Variations]"
Add component (AddParameter): Name = "ComponentLink1URL"; Value = "http://www.szlcsc.com/product/details_15331.html"; VariantName = "[No Variations]"
Add component (AddParameter): Name = "Notepad"; Value = ""; VariantName = "[No Variations]"
Add component (AddParameter): Name = "Supplier"; Value = "LC"; VariantName = "[No Variations]"
Add component (AddParameter): Name = "SuppliersPartNumber"; Value = "C14663"; VariantName = "[No Variations]"
Added Component: Designator=C3(0603C)
Add component. Clean all parameters for all variants
Add component (AddParameter): Name = "ComponentLink1Description"; Value = "供应商链接"; VariantName = "[No Variations]"
Add component (AddParameter): Name = "ComponentLink1URL"; Value = "http://www.szlcsc.com/product/details_16531.html"; VariantName = "[No Variations]"
Add component (AddParameter): Name = "Notepad"; Value = ""; VariantName = "[No Variations]"
Add component (AddParameter): Name = "Supplier"; Value = "LC"; VariantName = "[No Variations]"
Add component (AddParameter): Name = "SuppliersPartNumber"; Value = "C15849"; VariantName = "[No Variations]"
Added Component: Designator=C4(0603C)
Add component. Clean all parameters for all variants
Add component (AddParameter): Name = "ComponentLink1Description"; Value = "供应商链接"; VariantName = "[No Variations]"
Add component (AddParameter): Name = "ComponentLink1URL"; Value = "http://www.szlcsc.com/product/details_20411.html"; VariantName = "[No Variations]"
Add component (AddParameter): Name = "Notepad"; Value = ""; VariantName = "[No Variations]"
Add component (AddParameter): Name = "Supplier"; Value = "LC"; VariantName = "[No Variations]"
Add component (AddParameter): Name = "SuppliersPartNumber"; Value = "C19702"; VariantName = "[No Variations]"
Added Component: Designator=C5(0603C)
Add component. Clean all parameters for all variants
Add component (AddParameter): Name = "ComponentLink1Description"; Value = "供应商链接"; VariantName = "[No Variations]"
Add component (AddParameter): Name = "ComponentLink1URL"; Value = "http://www.szlcsc.com/product/details_15331.html"; VariantName = "[No Variations]"
Add component (AddParameter): Name = "Notepad"; Value = ""; VariantName = "[No Variations]"
Add component (AddParameter): Name = "Supplier"; Value = "LC"; VariantName = "[No Variations]"
Add component (AddParameter): Name = "SuppliersPartNumber"; Value = "C14663"; VariantName = "[No Variations]"
Added Component: Designator=C6(0603C)
Add component. Clean all parameters for all variants
Add component (AddParameter): Name = "ComponentLink1Description"; Value = "供应商链接"; VariantName = "[No Variations]"
Add component (AddParameter): Name = "ComponentLink1URL"; Value = "http://www.szlcsc.com/product/details_58143.html"; VariantName = "[No Variations]"
Add component (AddParameter): Name = "Notepad"; Value = ""; VariantName = "[No Variations]"
Add component (AddParameter): Name = "Supplier"; Value = "LC"; VariantName = "[No Variations]"
Add component (AddParameter): Name = "SuppliersPartNumber"; Value = "C57112"; VariantName = "[No Variations]"
Added Component: Designator=C7(0603C)
Add component. Clean all parameters for all variants
Add component (AddParameter): Name = "ComponentLink1Description"; Value = "供应商链接"; VariantName = "[No Variations]"
Add component (AddParameter): Name = "ComponentLink1URL"; Value = "http://www.szlcsc.com/product/details_16531.html"; VariantName = "[No Variations]"
Add component (AddParameter): Name = "Notepad"; Value = ""; VariantName = "[No Variations]"
Add component (AddParameter): Name = "Supplier"; Value = "LC"; VariantName = "[No Variations]"
Add component (AddParameter): Name = "SuppliersPartNumber"; Value = "C15849"; VariantName = "[No Variations]"
Added Component: Designator=D1(0603_diode)
Add component. Clean all parameters for all variants
Add component (AddParameter): Name = "ComponentLink1Description"; Value = "供应商链接"; VariantName = "[No Variations]"
Add component (AddParameter): Name = "ComponentLink1URL"; Value = "http://www.szlcsc.com/product/details_73150.html"; VariantName = "[No Variations]"
Add component (AddParameter): Name = "Notepad"; Value = ""; VariantName = "[No Variations]"
Add component (AddParameter): Name = "Supplier"; Value = "LC"; VariantName = "[No Variations]"
Add component (AddParameter): Name = "SuppliersPartNumber"; Value = "C72041"; VariantName = "[No Variations]"
Added Component: Designator=D2(0603_diode)
Add component. Clean all parameters for all variants
Add component (AddParameter): Name = "ComponentLink1Description"; Value = "供应商链接"; VariantName = "[No Variations]"
Add component (AddParameter): Name = "ComponentLink1URL"; Value = "http://www.szlcsc.com/product/details_73150.html"; VariantName = "[No Variations]"
Add component (AddParameter): Name = "Notepad"; Value = ""; VariantName = "[No Variations]"
Add component (AddParameter): Name = "Supplier"; Value = "LC"; VariantName = "[No Variations]"
Add component (AddParameter): Name = "SuppliersPartNumber"; Value = "C72041"; VariantName = "[No Variations]"
Added Component: Designator=JP1(SHDR2)
Add component. Clean all parameters for all variants
Add component (AddParameter): Name = "LatestRevisionDate"; Value = "17-Jul-2002"; VariantName = "[No Variations]"
Add component (AddParameter): Name = "LatestRevisionNote"; Value = "Re-released for DXP Platform."; VariantName = "[No Variations]"
Add component (AddParameter): Name = "Publisher"; Value = "Altium Limited"; VariantName = "[No Variations]"
Added Component: Designator=JP2(SHDR6)
Add component. Clean all parameters for all variants
Added Component: Designator=JP3(8P - WF25122)
Add component. Clean all parameters for all variants
Added Component: Designator=P1(SHDR3)
Add component. Clean all parameters for all variants
Add component (AddParameter): Name = "Supplier 1"; Value = "Mouser"; VariantName = "[No Variations]"
Add component (AddParameter): Name = "Supplier Part Number 1"; Value = "490-TB002-500-03BE"; VariantName = "[No Variations]"
Added Component: Designator=R1(0603)
Add component. Clean all parameters for all variants
Add component (AddParameter): Name = "ComponentLink1Description"; Value = "供应商链接"; VariantName = "[No Variations]"
Add component (AddParameter): Name = "ComponentLink1URL"; Value = "http://www.szlcsc.com/product/details_21903.html"; VariantName = "[No Variations]"
Add component (AddParameter): Name = "Notepad"; Value = ""; VariantName = "[No Variations]"
Add component (AddParameter): Name = "Supplier"; Value = "LC"; VariantName = "[No Variations]"
Add component (AddParameter): Name = "SuppliersPartNumber"; Value = "C21189"; VariantName = "[No Variations]"
Added Component: Designator=R2(0603R)
Add component. Clean all parameters for all variants
Add component (AddParameter): Name = "ComponentLink1Description"; Value = "供应商链接"; VariantName = "[No Variations]"
Add component (AddParameter): Name = "ComponentLink1URL"; Value = "http://www.szlcsc.com/product/details_26547.html"; VariantName = "[No Variations]"
Add component (AddParameter): Name = "Notepad"; Value = ""; VariantName = "[No Variations]"
Add component (AddParameter): Name = "Supplier"; Value = "LC"; VariantName = "[No Variations]"
Add component (AddParameter): Name = "SuppliersPartNumber"; Value = "C25804"; VariantName = "[No Variations]"
Added Component: Designator=R3(0603)
Add component. Clean all parameters for all variants
Add component (AddParameter): Name = "ComponentLink1Description"; Value = "供应商链接"; VariantName = "[No Variations]"
Add component (AddParameter): Name = "ComponentLink1URL"; Value = "http://www.szlcsc.com/product/details_23702.html"; VariantName = "[No Variations]"
Add component (AddParameter): Name = "Notepad"; Value = ""; VariantName = "[No Variations]"
Add component (AddParameter): Name = "Supplier"; Value = "LC"; VariantName = "[No Variations]"
Add component (AddParameter): Name = "SuppliersPartNumber"; Value = "C22975"; VariantName = "[No Variations]"
Added Component: Designator=R4(0603)
Add component. Clean all parameters for all variants
Add component (AddParameter): Name = "ComponentLink1Description"; Value = "供应商链接"; VariantName = "[No Variations]"
Add component (AddParameter): Name = "ComponentLink1URL"; Value = "http://www.szlcsc.com/product/details_23702.html"; VariantName = "[No Variations]"
Add component (AddParameter): Name = "Notepad"; Value = ""; VariantName = "[No Variations]"
Add component (AddParameter): Name = "Supplier"; Value = "LC"; VariantName = "[No Variations]"
Add component (AddParameter): Name = "SuppliersPartNumber"; Value = "C22975"; VariantName = "[No Variations]"
Added Component: Designator=R5(0603R)
Add component. Clean all parameters for all variants
Add component (AddParameter): Name = "ComponentLink1Description"; Value = "供应商链接"; VariantName = "[No Variations]"
Add component (AddParameter): Name = "ComponentLink1URL"; Value = "http://www.szlcsc.com/product/details_26547.html"; VariantName = "[No Variations]"
Add component (AddParameter): Name = "Notepad"; Value = ""; VariantName = "[No Variations]"
Add component (AddParameter): Name = "Supplier"; Value = "LC"; VariantName = "[No Variations]"
Add component (AddParameter): Name = "SuppliersPartNumber"; Value = "C25804"; VariantName = "[No Variations]"
Added Component: Designator=U1(pico)
Add component. Clean all parameters for all variants
Added Component: Designator=U2(HTSSOP-28_L9.8-W4.5-P0.65-LS6.6-BL-EP)
Add component. Clean all parameters for all variants
Added Pin To Net: NetName=ENA Pin=U1-36
Added Pin To Net: NetName=ENA Pin=U2-22
Added Pin To Net: NetName=ENA Pin=U2-24
Added Pin To Net: NetName=ENA Pin=U2-26
Added Net: Name=ENA
Added Pin To Net: NetName=EN Pin=C3-2
Added Pin To Net: NetName=EN Pin=JP2-3
Added Pin To Net: NetName=EN Pin=R2-1
Added Pin To Net: NetName=EN Pin=U1-9
Added Net: Name=EN
Added Pin To Net: NetName=FLASH_CLK Pin=U1-31
Added Net: Name=FLASH_CLK
Added Pin To Net: NetName=FLASH_CS Pin=U1-25
Added Net: Name=FLASH_CS
Added Pin To Net: NetName=FLASH_SD0 Pin=U1-27
Added Net: Name=FLASH_SD0
Added Pin To Net: NetName=FLASH_SD1 Pin=U1-33
Added Net: Name=FLASH_SD1
Added Pin To Net: NetName=FLASH_SD2 Pin=U1-30
Added Net: Name=FLASH_SD2
Added Pin To Net: NetName=FLASH_SD3 Pin=U1-32
Added Net: Name=FLASH_SD3
Added Pin To Net: NetName=GND Pin=C1-1
Added Pin To Net: NetName=GND Pin=C2-1
Added Pin To Net: NetName=GND Pin=C3-1
Added Pin To Net: NetName=GND Pin=C4-1
Added Pin To Net: NetName=GND Pin=C7-1
Added Pin To Net: NetName=GND Pin=JP2-1
Added Pin To Net: NetName=GND Pin=P1-2
Added Pin To Net: NetName=GND Pin=U1-49
Added Pin To Net: NetName=GND Pin=U2-6
Added Pin To Net: NetName=GND Pin=U2-7
Added Pin To Net: NetName=GND Pin=U2-10
Added Pin To Net: NetName=GND Pin=U2-12
Added Pin To Net: NetName=GND Pin=U2-13
Added Pin To Net: NetName=GND Pin=U2-14
Added Pin To Net: NetName=GND Pin=U2-19
Added Pin To Net: NetName=GND Pin=U2-20
Added Pin To Net: NetName=GND Pin=U2-28
Added Net: Name=GND
Added Pin To Net: NetName=GPIO0 Pin=JP2-2
Added Pin To Net: NetName=GPIO0 Pin=U1-23
Added Net: Name=GPIO0
Added Pin To Net: NetName=GPIO2 Pin=U1-22
Added Net: Name=GPIO2
Added Pin To Net: NetName=GPIO4 Pin=U1-24
Added Net: Name=GPIO4
Added Pin To Net: NetName=GPIO5 Pin=U1-34
Added Net: Name=GPIO5
Added Pin To Net: NetName=GPIO9 Pin=U1-28
Added Net: Name=GPIO9
Added Pin To Net: NetName=GPIO10 Pin=U1-29
Added Net: Name=GPIO10
Added Pin To Net: NetName=GPIO12 Pin=U1-18
Added Net: Name=GPIO12
Added Pin To Net: NetName=GPIO13 Pin=JP1-2
Added Pin To Net: NetName=GPIO13 Pin=U1-20
Added Net: Name=GPIO13
Added Pin To Net: NetName=GPIO14 Pin=U1-17
Added Net: Name=GPIO14
Added Pin To Net: NetName=GPIO15 Pin=JP1-1
Added Pin To Net: NetName=GPIO15 Pin=U1-21
Added Net: Name=GPIO15
Added Pin To Net: NetName=GPIO18 Pin=U1-35
Added Net: Name=GPIO18
Added Pin To Net: NetName=GPIO19 Pin=U1-38
Added Pin To Net: NetName=GPIO19 Pin=U2-27
Added Net: Name=GPIO19
Added Pin To Net: NetName=GPIO21 Pin=U1-42
Added Pin To Net: NetName=GPIO21 Pin=U2-23
Added Net: Name=GPIO21
Added Pin To Net: NetName=GPIO22 Pin=U1-39
Added Pin To Net: NetName=GPIO22 Pin=U2-25
Added Net: Name=GPIO22
Added Pin To Net: NetName=GPIO25 Pin=U1-14
Added Net: Name=GPIO25
Added Pin To Net: NetName=GPIO26 Pin=U1-15
Added Net: Name=GPIO26
Added Pin To Net: NetName=GPIO27 Pin=R4-2
Added Pin To Net: NetName=GPIO27 Pin=U1-16
Added Net: Name=GPIO27
Added Pin To Net: NetName=GPIO32 Pin=U1-12
Added Net: Name=GPIO32
Added Pin To Net: NetName=GPIO33 Pin=U1-13
Added Net: Name=GPIO33
Added Pin To Net: NetName=GPIO34 Pin=U1-10
Added Net: Name=GPIO34
Added Pin To Net: NetName=GPIO35 Pin=U1-11
Added Net: Name=GPIO35
Added Pin To Net: NetName=GPIO37 Pin=U1-7
Added Net: Name=GPIO37
Added Pin To Net: NetName=GPIO38 Pin=U1-6
Added Net: Name=GPIO38
Added Pin To Net: NetName=NetC5_1 Pin=C5-1
Added Pin To Net: NetName=NetC5_1 Pin=U2-3
Added Net: Name=NetC5_1
Added Pin To Net: NetName=NetC6_1 Pin=C6-1
Added Pin To Net: NetName=NetC6_1 Pin=U2-2
Added Net: Name=NetC6_1
Added Pin To Net: NetName=NetC6_2 Pin=C6-2
Added Pin To Net: NetName=NetC6_2 Pin=U2-1
Added Net: Name=NetC6_2
Added Pin To Net: NetName=NetC7_2 Pin=C7-2
Added Pin To Net: NetName=NetC7_2 Pin=R5-1
Added Pin To Net: NetName=NetC7_2 Pin=U2-15
Added Pin To Net: NetName=NetC7_2 Pin=U2-16
Added Pin To Net: NetName=NetC7_2 Pin=U2-17
Added Net: Name=NetC7_2
Added Pin To Net: NetName=NetD1_A Pin=R3-1
Added Net: Name=NetD1_A
Added Pin To Net: NetName=NetD2_A Pin=R4-1
Added Net: Name=NetD2_A
Added Pin To Net: NetName=NetR5_2 Pin=R5-2
Added Pin To Net: NetName=NetR5_2 Pin=U2-18
Added Net: Name=NetR5_2
Added Pin To Net: NetName=RXD Pin=JP2-5
Added Pin To Net: NetName=RXD Pin=U1-40
Added Net: Name=RXD
Added Pin To Net: NetName=SENSOR_VN Pin=U1-8
Added Net: Name=SENSOR_VN
Added Pin To Net: NetName=SENSOR_VP Pin=U1-5
Added Net: Name=SENSOR_VP
Added Pin To Net: NetName=TXD Pin=JP2-4
Added Pin To Net: NetName=TXD Pin=U1-41
Added Net: Name=TXD
Added Pin To Net: NetName=U Pin=JP3-1
Added Pin To Net: NetName=U Pin=U2-5
Added Net: Name=U
Added Pin To Net: NetName=VDD3V3 Pin=JP2-6
Added Pin To Net: NetName=VDD3V3 Pin=P1-3
Added Pin To Net: NetName=VDD3V3 Pin=R1-2
Added Pin To Net: NetName=VDD3V3 Pin=R3-2
Added Net: Name=VDD3V3
Added Pin To Net: NetName=VDD33 Pin=C1-2
Added Pin To Net: NetName=VDD33 Pin=C2-2
Added Pin To Net: NetName=VDD33 Pin=R1-1
Added Pin To Net: NetName=VDD33 Pin=R2-2
Added Pin To Net: NetName=VDD33 Pin=U1-1
Added Pin To Net: NetName=VDD33 Pin=U1-3
Added Pin To Net: NetName=VDD33 Pin=U1-4
Added Pin To Net: NetName=VDD33 Pin=U1-19
Added Pin To Net: NetName=VDD33 Pin=U1-37
Added Pin To Net: NetName=VDD33 Pin=U1-43
Added Pin To Net: NetName=VDD33 Pin=U1-46
Added Net: Name=VDD33
Added Pin To Net: NetName=VIN Pin=C4-2
Added Pin To Net: NetName=VIN Pin=C5-2
Added Pin To Net: NetName=VIN Pin=P1-1
Added Pin To Net: NetName=VIN Pin=U2-4
Added Pin To Net: NetName=VIN Pin=U2-11
Added Net: Name=VIN
Added Pin To Net: NetName=V Pin=JP3-2
Added Pin To Net: NetName=V Pin=U2-8
Added Net: Name=V
Added Pin To Net: NetName=W Pin=JP3-3
Added Pin To Net: NetName=W Pin=U2-9
Added Net: Name=W
Added Class: Name=xiqiu
