Added Component: Designator=CBY1(0603C)
Add component. Clean all parameters for all variants
Added Component: Designator=CN1(CONN-SMD_4P-P1.00_SM04B-SRSS-TB-LF-SN)
Add component. Clean all parameters for all variants
Added Component: Designator=INA1(INA240)
Add component. Clean all parameters for all variants
Add component (AddParameter): Name = "Supplier 1"; Value = "Mouser"; VariantName = "[No Variations]"
Add component (AddParameter): Name = "Supplier Part Number 1"; Value = "595-INA240A2PWR"; VariantName = "[No Variations]"
Added Component: Designator=INA2(INA240)
Add component. Clean all parameters for all variants
Add component (AddParameter): Name = "Supplier 1"; Value = "Mouser"; VariantName = "[No Variations]"
Add component (AddParameter): Name = "Supplier Part Number 1"; Value = "595-INA240A2PWR"; VariantName = "[No Variations]"
Added Component: Designator=J1(10.7MHZ)
Add component. Clean all parameters for all variants
Add component (AddParameter): Name = "Automotive"; Value = "No"; VariantName = "[No Variations]"
Add component (AddParameter): Name = "Category"; Value = "Conn"; VariantName = "[No Variations]"
Add component (AddParameter): Name = "ComponentLink2Description"; Value = "Datasheet"; VariantName = "[No Variations]"
Add component (AddParameter): Name = "ComponentLink2URL"; Value = "https://www.molex.com/webdocs/datasheets/pdf/en-us/0901200763_PCB_HEADERS.pdf"; VariantName = "[No Variations]"
Add component (AddParameter): Name = "Conn Gender"; Value = "Male"; VariantName = "[No Variations]"
Add component (AddParameter): Name = "Conn Orientation"; Value = "Vertical"; VariantName = "[No Variations]"
Add component (AddParameter): Name = "Contact Material"; Value = "Gold,Nickel"; VariantName = "[No Variations]"
Add component (AddParameter): Name = "Current Rating"; Value = "3A"; VariantName = "[No Variations]"
Add component (AddParameter): Name = "Device Class L1"; Value = "Connectors"; VariantName = "[No Variations]"
Add component (AddParameter): Name = "Device Class L2"; Value = "Headers and Wire Housings"; VariantName = "[No Variations]"
Add component (AddParameter): Name = "Device Class L3"; Value = "unset"; VariantName = "[No Variations]"
Add component (AddParameter): Name = "Digikey Description"; Value = "CONN HEADER VERT 3POS 2.54MM"; VariantName = "[No Variations]"
Add component (AddParameter): Name = "Footprint Url"; Value = "https://www.molex.com/pdm_docs/sd/901200763_sd.pdf"; VariantName = "[No Variations]"
Add component (AddParameter): Name = "Height"; Value = "5.8mm"; VariantName = "[No Variations]"
Add component (AddParameter): Name = "Lead Free"; Value = "Yes"; VariantName = "[No Variations]"
Add component (AddParameter): Name = "Manufacturer"; Value = "Molex"; VariantName = "[No Variations]"
Add component (AddParameter): Name = "Manufacturer Part Number"; Value = "90120-0763"; VariantName = "[No Variations]"
Add component (AddParameter): Name = "Mouser Description"; Value = "Board-To-Board Connector, C-Grid III 90120 Series, Through Hole, Header, 3, 2.54 mm"; VariantName = "[No Variations]"
Add component (AddParameter): Name = "Number Of Contacts"; Value = "3"; VariantName = "[No Variations]"
Add component (AddParameter): Name = "Number Of Rows"; Value = "1"; VariantName = "[No Variations]"
Add component (AddParameter): Name = "Octopart"; Value = "https://octopart.com/90120-0763-molex-655433"; VariantName = "[No Variations]"
Add component (AddParameter): Name = "Pitch"; Value = "2.54mm"; VariantName = "[No Variations]"
Add component (AddParameter): Name = "RoHS"; Value = "TRUE"; VariantName = "[No Variations]"
Add component (AddParameter): Name = "Temperature"; Value = "-55°„C to +125°„C"; VariantName = "[No Variations]"
Add component (AddParameter): Name = "Temperature Range High"; Value = "+125°„C"; VariantName = "[No Variations]"
Add component (AddParameter): Name = "Temperature Range Low"; Value = "-55°„C"; VariantName = "[No Variations]"
Add component (AddParameter): Name = "Voltage Rating"; Value = "350V"; VariantName = "[No Variations]"
Added Component: Designator=JP2(SHDR6)
Add component. Clean all parameters for all variants
Added Component: Designator=JP3(SHDR2)
Add component. Clean all parameters for all variants
Add component (AddParameter): Name = "LatestRevisionDate"; Value = "17-Jul-2002"; VariantName = "[No Variations]"
Add component (AddParameter): Name = "LatestRevisionNote"; Value = "Re-released for DXP Platform."; VariantName = "[No Variations]"
Add component (AddParameter): Name = "Publisher"; Value = "Altium Limited"; VariantName = "[No Variations]"
Added Component: Designator=P1(SHDR3)
Add component. Clean all parameters for all variants
Add component (AddParameter): Name = "Supplier 1"; Value = "Mouser"; VariantName = "[No Variations]"
Add component (AddParameter): Name = "Supplier Part Number 1"; Value = "490-TB002-500-03BE"; VariantName = "[No Variations]"
Added Component: Designator=R11(RESC6332)
Add component. Clean all parameters for all variants
Added Component: Designator=R12(RESC6332)
Add component. Clean all parameters for all variants
Add component (AddParameter): Name = "Ordered by"; Value = "Subcon"; VariantName = "[No Variations]"
Add component (AddParameter): Name = "Published"; Value = "8-Jun-2000"; VariantName = "[No Variations]"
Add component (AddParameter): Name = "Publisher"; Value = "Altium Limited"; VariantName = "[No Variations]"
Add component (AddParameter): Name = "Revision"; Value = "July-2002: Re-released for DXP Platform."; VariantName = "[No Variations]"
Add component (AddParameter): Name = "Value"; Value = "1K"; VariantName = "[No Variations]"
Added Component: Designator=U2(QFN-48_L7.0-W7.0-P0.50-BL-EP5.4)
Add component. Clean all parameters for all variants
Added Pin To Net: NetName=ENA Pin=U2-36
Added Net: Name=ENA
Added Pin To Net: NetName=EN Pin=JP2-3
Added Pin To Net: NetName=EN Pin=U2-9
Added Net: Name=EN
Added Pin To Net: NetName=FAULT Pin=U2-13
Added Net: Name=FAULT
Added Pin To Net: NetName=FLASH_CLK Pin=U2-31
Added Net: Name=FLASH_CLK
Added Pin To Net: NetName=FLASH_CS Pin=U2-25
Added Net: Name=FLASH_CS
Added Pin To Net: NetName=FLASH_SD0 Pin=U2-27
Added Net: Name=FLASH_SD0
Added Pin To Net: NetName=FLASH_SD1 Pin=U2-33
Added Net: Name=FLASH_SD1
Added Pin To Net: NetName=FLASH_SD2 Pin=U2-30
Added Net: Name=FLASH_SD2
Added Pin To Net: NetName=FLASH_SD3 Pin=U2-32
Added Net: Name=FLASH_SD3
Added Pin To Net: NetName=GND Pin=CBY1-2
Added Pin To Net: NetName=GND Pin=INA1-1
Added Pin To Net: NetName=GND Pin=INA1-4
Added Pin To Net: NetName=GND Pin=INA1-7
Added Pin To Net: NetName=GND Pin=INA2-1
Added Pin To Net: NetName=GND Pin=INA2-4
Added Pin To Net: NetName=GND Pin=INA2-7
Added Pin To Net: NetName=GND Pin=JP2-1
Added Pin To Net: NetName=GND Pin=P1-2
Added Pin To Net: NetName=GND Pin=U2-49
Added Net: Name=GND
Added Pin To Net: NetName=GPIO0 Pin=JP2-2
Added Pin To Net: NetName=GPIO0 Pin=U2-23
Added Net: Name=GPIO0
Added Pin To Net: NetName=GPIO2 Pin=INA1-8
Added Pin To Net: NetName=GPIO2 Pin=U2-22
Added Net: Name=GPIO2
Added Pin To Net: NetName=GPIO4 Pin=INA2-8
Added Pin To Net: NetName=GPIO4 Pin=U2-24
Added Net: Name=GPIO4
Added Pin To Net: NetName=GPIO5 Pin=U2-34
Added Net: Name=GPIO5
Added Pin To Net: NetName=GPIO9 Pin=U2-28
Added Net: Name=GPIO9
Added Pin To Net: NetName=GPIO10 Pin=U2-29
Added Net: Name=GPIO10
Added Pin To Net: NetName=GPIO12 Pin=CN1-2
Added Pin To Net: NetName=GPIO12 Pin=U2-18
Added Net: Name=GPIO12
Added Pin To Net: NetName=GPIO13 Pin=CN1-3
Added Pin To Net: NetName=GPIO13 Pin=JP3-2
Added Pin To Net: NetName=GPIO13 Pin=U2-20
Added Net: Name=GPIO13
Added Pin To Net: NetName=GPIO14 Pin=CN1-1
Added Pin To Net: NetName=GPIO14 Pin=U2-17
Added Net: Name=GPIO14
Added Pin To Net: NetName=GPIO15 Pin=CN1-4
Added Pin To Net: NetName=GPIO15 Pin=JP3-1
Added Pin To Net: NetName=GPIO15 Pin=U2-21
Added Net: Name=GPIO15
Added Pin To Net: NetName=GPIO18 Pin=U2-35
Added Net: Name=GPIO18
Added Pin To Net: NetName=GPIO19 Pin=U2-38
Added Net: Name=GPIO19
Added Pin To Net: NetName=GPIO21 Pin=U2-42
Added Net: Name=GPIO21
Added Pin To Net: NetName=GPIO22 Pin=U2-39
Added Net: Name=GPIO22
Added Pin To Net: NetName=GPIO25 Pin=U2-14
Added Net: Name=GPIO25
Added Pin To Net: NetName=GPIO26 Pin=U2-15
Added Net: Name=GPIO26
Added Pin To Net: NetName=GPIO27 Pin=U2-16
Added Net: Name=GPIO27
Added Pin To Net: NetName=GPIO32 Pin=U2-12
Added Net: Name=GPIO32
Added Pin To Net: NetName=GPIO34 Pin=U2-10
Added Net: Name=GPIO34
Added Pin To Net: NetName=GPIO35 Pin=U2-11
Added Net: Name=GPIO35
Added Pin To Net: NetName=GPIO37 Pin=U2-7
Added Net: Name=GPIO37
Added Pin To Net: NetName=GPIO38 Pin=U2-6
Added Net: Name=GPIO38
Added Net: Name=NetC6_1
Added Net: Name=NetC6_2
Added Net: Name=NetC7_1
Added Net: Name=NetC9_2
Added Net: Name=NetD1_A
Added Net: Name=NetD2_A
Added Net: Name=NetR8_1
Added Pin To Net: NetName=NetU2_2 Pin=U2-2
Added Net: Name=NetU2_2
Added Pin To Net: NetName=RXD Pin=JP2-5
Added Pin To Net: NetName=RXD Pin=U2-40
Added Net: Name=RXD
Added Pin To Net: NetName=SENSOR_VN Pin=U2-8
Added Net: Name=SENSOR_VN
Added Pin To Net: NetName=SENSOR_VP Pin=U2-5
Added Net: Name=SENSOR_VP
Added Pin To Net: NetName=TXD Pin=JP2-4
Added Pin To Net: NetName=TXD Pin=U2-41
Added Net: Name=TXD
Added Pin To Net: NetName=U_CS Pin=INA1-3
Added Pin To Net: NetName=U_CS Pin=R11-1
Added Net: Name=U_CS
Added Pin To Net: NetName=U Pin=INA1-2
Added Pin To Net: NetName=U Pin=J1-1
Added Pin To Net: NetName=U Pin=R11-2
Added Net: Name=U
Added Pin To Net: NetName=VDD3V3 Pin=CBY1-1
Added Pin To Net: NetName=VDD3V3 Pin=INA1-5
Added Pin To Net: NetName=VDD3V3 Pin=INA1-6
Added Pin To Net: NetName=VDD3V3 Pin=INA2-5
Added Pin To Net: NetName=VDD3V3 Pin=INA2-6
Added Pin To Net: NetName=VDD3V3 Pin=JP2-6
Added Pin To Net: NetName=VDD3V3 Pin=P1-3
Added Net: Name=VDD3V3
Added Pin To Net: NetName=VDD33 Pin=U2-1
Added Pin To Net: NetName=VDD33 Pin=U2-3
Added Pin To Net: NetName=VDD33 Pin=U2-4
Added Pin To Net: NetName=VDD33 Pin=U2-19
Added Pin To Net: NetName=VDD33 Pin=U2-37
Added Pin To Net: NetName=VDD33 Pin=U2-43
Added Pin To Net: NetName=VDD33 Pin=U2-46
Added Net: Name=VDD33
Added Pin To Net: NetName=VIN Pin=P1-1
Added Net: Name=VIN
Added Pin To Net: NetName=V Pin=J1-3
Added Net: Name=V
Added Pin To Net: NetName=W_CS Pin=INA2-2
Added Pin To Net: NetName=W_CS Pin=R12-1
Added Net: Name=W_CS
Added Pin To Net: NetName=W Pin=INA2-3
Added Pin To Net: NetName=W Pin=J1-2
Added Pin To Net: NetName=W Pin=R12-2
Added Net: Name=W
Added Class: Name=esp32_pico_d4_motor_driver.SchDoc_2022-05-04 (1)
