Added Component: Designator=S1(SW-SMD_G-SWITCH_MK-12C02-G015)
Add component. Clean all parameters for all variants
Added Pin To Net: NetName=+3.3 Pin=C8-1
Added Pin To Net: NetName=+3.3 Pin=C9-1
Added Pin To Net: NetName=+3.3 Pin=C11-1
Added Pin To Net: NetName=+3.3 Pin=CBY1-1
Added Pin To Net: NetName=+3.3 Pin=CN1-1
Added Pin To Net: NetName=+3.3 Pin=INA1-5
Added Pin To Net: NetName=+3.3 Pin=INA1-6
Added Pin To Net: NetName=+3.3 Pin=INA2-5
Added Pin To Net: NetName=+3.3 Pin=INA2-6
Added Pin To Net: NetName=+3.3 Pin=JP1-1
Added Pin To Net: NetName=+3.3 Pin=R7-2
Added Pin To Net: NetName=+3.3 Pin=R8-2
Added Pin To Net: NetName=+3.3 Pin=U1-6
Added Pin To Net: NetName=+3.3 Pin=U1-17
Added Pin To Net: NetName=+3.3 Pin=U1-25
Added Pin To Net: NetName=+3.3 Pin=U1-30
Added Pin To Net: NetName=+3.3 Pin=U1-32
Added Pin To Net: NetName=+3.3 Pin=U1-33
Added Pin To Net: NetName=+3.3 Pin=U1-39
Added Pin To Net: NetName=+3.3 Pin=U1-52
Added Pin To Net: NetName=+3.3 Pin=U1-62
Added Pin To Net: NetName=+3.3 Pin=U1-72
Added Pin To Net: NetName=+3.3 Pin=U1-84
Added Pin To Net: NetName=+3.3 Pin=U1-95
Added Pin To Net: NetName=+3.3 Pin=U1-108
Added Pin To Net: NetName=+3.3 Pin=U1-121
Added Pin To Net: NetName=+3.3 Pin=U1-131
Added Pin To Net: NetName=+3.3 Pin=U1-143
Added Pin To Net: NetName=+3.3 Pin=U1-144
Added Pin To Net: NetName=+3.3 Pin=U4-1
Added Pin To Net: NetName=+3.3 Pin=U4-2
Added Net: Name=+3.3
Added Pin To Net: NetName=GND Pin=C1-2
Added Pin To Net: NetName=GND Pin=C3-2
Added Pin To Net: NetName=GND Pin=C5-2
Added Pin To Net: NetName=GND Pin=C6-2
Added Pin To Net: NetName=GND Pin=C7-2
Added Pin To Net: NetName=GND Pin=C8-2
Added Pin To Net: NetName=GND Pin=C9-2
Added Pin To Net: NetName=GND Pin=C10-2
Added Pin To Net: NetName=GND Pin=C11-2
Added Pin To Net: NetName=GND Pin=CAP1-2
Added Pin To Net: NetName=GND Pin=CBY1-2
Added Pin To Net: NetName=GND Pin=CL1-2
Added Pin To Net: NetName=GND Pin=CN1-4
Added Pin To Net: NetName=GND Pin=D1-K
Added Pin To Net: NetName=GND Pin=INA1-1
Added Pin To Net: NetName=GND Pin=INA1-4
Added Pin To Net: NetName=GND Pin=INA1-7
Added Pin To Net: NetName=GND Pin=INA2-1
Added Pin To Net: NetName=GND Pin=INA2-4
Added Pin To Net: NetName=GND Pin=INA2-7
Added Pin To Net: NetName=GND Pin=JP1-6
Added Pin To Net: NetName=GND Pin=L1-2
Added Pin To Net: NetName=GND Pin=L6234-1
Added Pin To Net: NetName=GND Pin=L6234-2
Added Pin To Net: NetName=GND Pin=L6234-10
Added Pin To Net: NetName=GND Pin=L6234-11
Added Pin To Net: NetName=GND Pin=L6234-19
Added Pin To Net: NetName=GND Pin=L6234-20
Added Pin To Net: NetName=GND Pin=L6234-21
Added Pin To Net: NetName=GND Pin=L6234-22
Added Pin To Net: NetName=GND Pin=L6234-23
Added Pin To Net: NetName=GND Pin=R2-2
Added Pin To Net: NetName=GND Pin=TB_PWR-1
Added Pin To Net: NetName=GND Pin=U1-16
Added Pin To Net: NetName=GND Pin=U1-31
Added Pin To Net: NetName=GND Pin=U1-38
Added Pin To Net: NetName=GND Pin=U1-51
Added Pin To Net: NetName=GND Pin=U1-61
Added Pin To Net: NetName=GND Pin=U1-83
Added Pin To Net: NetName=GND Pin=U1-94
Added Pin To Net: NetName=GND Pin=U1-107
Added Pin To Net: NetName=GND Pin=U1-120
Added Pin To Net: NetName=GND Pin=U1-130
Added Pin To Net: NetName=GND Pin=U4-4
Added Pin To Net: NetName=GND Pin=U4-5
Added Pin To Net: NetName=GND Pin=U4-8
Added Net: Name=GND
Added Pin To Net: NetName=NetBAT1_2 Pin=BAT1-2
Added Pin To Net: NetName=NetBAT1_2 Pin=C4-2
Added Pin To Net: NetName=NetBAT1_2 Pin=L6234-18
Added Net: Name=NetBAT1_2
Added Pin To Net: NetName=NetBAT1_3 Pin=BAT1-3
Added Pin To Net: NetName=NetBAT1_3 Pin=C2-1
Added Net: Name=NetBAT1_3
Added Pin To Net: NetName=NetC2_2 Pin=C2-2
Added Pin To Net: NetName=NetC2_2 Pin=L6234-17
Added Net: Name=NetC2_2
Added Pin To Net: NetName=NetC3_1 Pin=C3-1
Added Pin To Net: NetName=NetC3_1 Pin=L6234-16
Added Net: Name=NetC3_1
Added Pin To Net: NetName=NetC5_1 Pin=C5-1
Added Pin To Net: NetName=NetC5_1 Pin=U1-106
Added Net: Name=NetC5_1
Added Pin To Net: NetName=NetC6_1 Pin=C6-1
Added Pin To Net: NetName=NetC6_1 Pin=U1-71
Added Net: Name=NetC6_1
Added Pin To Net: NetName=NetC7_1 Pin=C7-1
Added Pin To Net: NetName=NetC7_1 Pin=U1-23
Added Pin To Net: NetName=NetC7_1 Pin=X1-2
Added Net: Name=NetC7_1
Added Pin To Net: NetName=NetC10_1 Pin=C10-1
Added Pin To Net: NetName=NetC10_1 Pin=U1-24
Added Pin To Net: NetName=NetC10_1 Pin=X1-1
Added Net: Name=NetC10_1
Added Pin To Net: NetName=NetCL1_1 Pin=CL1-1
Added Pin To Net: NetName=NetCL1_1 Pin=L1-3
Added Net: Name=NetCL1_1
Added Pin To Net: NetName=NetCN1_2 Pin=CN1-2
Added Pin To Net: NetName=NetCN1_2 Pin=U1-109
Added Net: Name=NetCN1_2
Added Pin To Net: NetName=NetCN1_3 Pin=CN1-3
Added Pin To Net: NetName=NetCN1_3 Pin=U1-105
Added Net: Name=NetCN1_3
Added Pin To Net: NetName=NetD1_A Pin=D1-A
Added Pin To Net: NetName=NetD1_A Pin=R1-2
Added Net: Name=NetD1_A
Added Pin To Net: NetName=NetINA1_2 Pin=INA1-2
Added Pin To Net: NetName=NetINA1_2 Pin=L6234-5
Added Pin To Net: NetName=NetINA1_2 Pin=R6-1
Added Net: Name=NetINA1_2
Added Pin To Net: NetName=NetINA1_3 Pin=INA1-3
Added Pin To Net: NetName=NetINA1_3 Pin=R6-2
Added Pin To Net: NetName=NetINA1_3 Pin=TB_M-2
Added Net: Name=NetINA1_3
Added Pin To Net: NetName=NetINA1_8 Pin=INA1-8
Added Pin To Net: NetName=NetINA1_8 Pin=U1-37
Added Net: Name=NetINA1_8
Added Pin To Net: NetName=NetINA2_2 Pin=INA2-2
Added Pin To Net: NetName=NetINA2_2 Pin=R5-2
Added Pin To Net: NetName=NetINA2_2 Pin=TB_M-3
Added Net: Name=NetINA2_2
Added Pin To Net: NetName=NetINA2_3 Pin=INA2-3
Added Pin To Net: NetName=NetINA2_3 Pin=L6234-6
Added Pin To Net: NetName=NetINA2_3 Pin=R5-1
Added Net: Name=NetINA2_3
Added Pin To Net: NetName=NetINA2_8 Pin=INA2-8
Added Pin To Net: NetName=NetINA2_8 Pin=U1-29
Added Net: Name=NetINA2_8
Added Pin To Net: NetName=NetJP1_2 Pin=JP1-2
Added Pin To Net: NetName=NetJP1_2 Pin=U1-18
Added Net: Name=NetJP1_2
Added Pin To Net: NetName=NetJP1_3 Pin=JP1-3
Added Pin To Net: NetName=NetJP1_3 Pin=U1-19
Added Net: Name=NetJP1_3
Added Pin To Net: NetName=NetJP1_4 Pin=JP1-4
Added Pin To Net: NetName=NetJP1_4 Pin=U1-20
Added Net: Name=NetJP1_4
Added Pin To Net: NetName=NetJP1_5 Pin=JP1-5
Added Pin To Net: NetName=NetJP1_5 Pin=U1-21
Added Net: Name=NetJP1_5
Added Pin To Net: NetName=NetL6234_3 Pin=L6234-3
Added Pin To Net: NetName=NetL6234_3 Pin=L6234-8
Added Pin To Net: NetName=NetL6234_3 Pin=L6234-13
Added Pin To Net: NetName=NetL6234_3 Pin=U1-13
Added Net: Name=NetL6234_3
Added Pin To Net: NetName=NetL6234_4 Pin=L6234-4
Added Pin To Net: NetName=NetL6234_4 Pin=U1-64
Added Net: Name=NetL6234_4
Added Pin To Net: NetName=NetL6234_7 Pin=L6234-7
Added Pin To Net: NetName=NetL6234_7 Pin=U1-60
Added Net: Name=NetL6234_7
Added Pin To Net: NetName=NetL6234_14 Pin=L6234-14
Added Pin To Net: NetName=NetL6234_14 Pin=U1-86
Added Net: Name=NetL6234_14
Added Pin To Net: NetName=NetL6234_15 Pin=L6234-15
Added Pin To Net: NetName=NetL6234_15 Pin=TB_M-1
Added Net: Name=NetL6234_15
Added Pin To Net: NetName=NetR2_1 Pin=R2-1
Added Pin To Net: NetName=NetR2_1 Pin=U1-138
Added Net: Name=NetR2_1
Added Pin To Net: NetName=NetR7_1 Pin=R7-1
Added Pin To Net: NetName=NetR7_1 Pin=U1-139
Added Pin To Net: NetName=NetR7_1 Pin=U4-7
Added Net: Name=NetR7_1
Added Pin To Net: NetName=NetR8_1 Pin=R8-1
Added Pin To Net: NetName=NetR8_1 Pin=U1-140
Added Pin To Net: NetName=NetR8_1 Pin=U4-6
Added Net: Name=NetR8_1
Added Pin To Net: NetName=NetS1_2 Pin=S1-2
Added Pin To Net: NetName=NetS1_2 Pin=TB_PWR-2
Added Net: Name=NetS1_2
Added Pin To Net: NetName=VCC1 Pin=BAT1-1
Added Pin To Net: NetName=VCC1 Pin=C1-1
Added Pin To Net: NetName=VCC1 Pin=C4-1
Added Pin To Net: NetName=VCC1 Pin=CAP1-1
Added Pin To Net: NetName=VCC1 Pin=L1-1
Added Pin To Net: NetName=VCC1 Pin=L6234-9
Added Pin To Net: NetName=VCC1 Pin=L6234-12
Added Pin To Net: NetName=VCC1 Pin=R1-1
Added Pin To Net: NetName=VCC1 Pin=S1-3
Added Net: Name=VCC1
Added Class: Name=circle
Added Room: Name=circle
